[debug] [2023-01-16T23:47:01.856Z] ----------------------------------------------------------------------
[debug] [2023-01-16T23:47:01.860Z] Command:       C:\Program Files\nodejs\node.exe C:\Users\Usuario\AppData\Roaming\npm\node_modules\firebase-tools\lib\bin\firebase.js init
[debug] [2023-01-16T23:47:01.862Z] CLI Version:   11.20.0
[debug] [2023-01-16T23:47:01.862Z] Platform:      win32
[debug] [2023-01-16T23:47:01.863Z] Node Version:  v18.12.1
[debug] [2023-01-16T23:47:01.864Z] Time:          Mon Jan 16 2023 20:47:01 GMT-0300 (hora estándar de Argentina)
[debug] [2023-01-16T23:47:01.865Z] ----------------------------------------------------------------------
[debug] 
[debug] [2023-01-16T23:47:01.997Z] > command requires scopes: ["email","openid","https://www.googleapis.com/auth/cloudplatformprojects.readonly","https://www.googleapis.com/auth/firebase","https://www.googleapis.com/auth/cloud-platform"]
[debug] [2023-01-16T23:47:01.998Z] > authorizing via signed-in user (vallejosc15@gmail.com)
[info] 
     ######## #### ########  ######## ########     ###     ######  ########
     ##        ##  ##     ## ##       ##     ##  ##   ##  ##       ##
     ######    ##  ########  ######   ########  #########  ######  ######
     ##        ##  ##    ##  ##       ##     ## ##     ##       ## ##
     ##       #### ##     ## ######## ########  ##     ##  ######  ########

You're about to initialize a Firebase project in this directory:

  D:\Usuario\Desktop\Programacion\TP_Final\Proy_final_CV\Proy_final_CV\FronEnd

Before we get started, keep in mind:

  * You are initializing within an existing Firebase project directory

